c:\users\tyler\dropbox\gopher\gopher\gopher\debug\main.obj
c:\users\tyler\dropbox\gopher\gopher\gopher\debug\vc100.pdb
g:\dropbox new\dropbox\gopher pre-git\gopher\gopher\debug\main.obj
g:\dropbox new\dropbox\gopher pre-git\gopher\gopher\debug\vc100.pdb
c:\users\miguel\documents\github\gopher\windows\gopher\gopher\debug\vc100.pdb
c:\users\miguel\documents\github\gopher\windows\gopher\gopher\debug\vc110.pdb
c:\users\miguel\documents\github\gopher\windows\gopher\gopher\debug\inireader.obj
c:\users\miguel\documents\github\gopher\windows\gopher\gopher\debug\configuration.obj
c:\users\tyler\dropbox\gopher\gopher\debug\gopher.ilk
c:\users\tyler\dropbox\gopher\gopher\debug\gopher.exe
c:\users\tyler\dropbox\gopher\gopher\gopher\debug\gopher.exe.intermediate.manifest
c:\users\tyler\dropbox\gopher\gopher\debug\gopher.pdb
c:\users\tyler\dropbox\gopher\gopher\gopher\debug\gopher.exe.embed.manifest
c:\users\tyler\dropbox\gopher\gopher\gopher\debug\gopher.exe.embed.manifest.res
g:\dropbox new\dropbox\gopher pre-git\gopher\gopher\debug\gopher.exe.embed.manifest.res
c:\users\miguel\documents\github\gopher\windows\gopher\gopher\debug\vc120.pdb
c:\users\miguel\documents\github\gopher\windows\gopher\gopher\debug\vc120.idb
c:\users\miguel\documents\github\gopher\windows\gopher\gopher\debug\main.obj
c:\users\miguel\documents\github\gopher\windows\gopher\gopher\debug\gopher.vcxprojresolveassemblyreference.cache
c:\users\miguel\documents\github\gopher\windows\gopher\gopher\debug\ini.obj
c:\users\miguel\documents\github\gopher\windows\gopher\gopher\debug\cl.command.1.tlog
c:\users\miguel\documents\github\gopher\windows\gopher\gopher\debug\cl.read.1.tlog
c:\users\miguel\documents\github\gopher\windows\gopher\gopher\debug\cl.write.1.tlog
c:\users\miguel\documents\github\gopher\windows\gopher\gopher\debug\gopher.write.1.tlog
c:\users\miguel\documents\github\gopher\windows\gopher\gopher\debug\link-cvtres.read.1.tlog
c:\users\miguel\documents\github\gopher\windows\gopher\gopher\debug\link-cvtres.write.1.tlog
c:\users\miguel\documents\github\gopher\windows\gopher\gopher\debug\link.2864-cvtres.read.1.tlog
c:\users\miguel\documents\github\gopher\windows\gopher\gopher\debug\link.2864-cvtres.write.1.tlog
c:\users\miguel\documents\github\gopher\windows\gopher\gopher\debug\link.2864.read.1.tlog
c:\users\miguel\documents\github\gopher\windows\gopher\gopher\debug\link.2864.write.1.tlog
c:\users\miguel\documents\github\gopher\windows\gopher\gopher\debug\link.command.1.tlog
c:\users\miguel\documents\github\gopher\windows\gopher\gopher\debug\link.read.1.tlog
c:\users\miguel\documents\github\gopher\windows\gopher\gopher\debug\link.write.1.tlog
c:\users\miguel\documents\github\gopher\windows\gopher\gopher\debug\mt.command.1.tlog
c:\users\miguel\documents\github\gopher\windows\gopher\gopher\debug\mt.read.1.tlog
c:\users\miguel\documents\github\gopher\windows\gopher\gopher\debug\mt.write.1.tlog
c:\users\miguel\documents\github\gopher\windows\gopher\gopher\debug\rc.command.1.tlog
c:\users\miguel\documents\github\gopher\windows\gopher\gopher\debug\rc.read.1.tlog
c:\users\miguel\documents\github\gopher\windows\gopher\gopher\debug\rc.write.1.tlog
c:\users\miguel\documents\github\gopher\windows\gopher\gopher\debug\gopher.exe.embed.manifest
c:\users\miguel\documents\github\gopher\windows\gopher\gopher\debug\gopher.exe.intermediate.manifest
c:\users\miguel\documents\github\gopher\windows\gopher\gopher\debug\gopher.exe.embed.manifest.res
c:\users\miguel\documents\github\gopher\windows\gopher\gopher\debug\vc100.idb
c:\users\miguel\documents\github\gopher\windows\gopher\gopher\debug\vc110.idb
c:\users\miguel\documents\github\gopher\windows\gopher\gopher\debug\gopher_manifest.rc
c:\users\miguel\documents\github\gopher\windows\gopher\debug\gopher.pdb
c:\users\miguel\documents\github\gopher\windows\gopher\gopher\debug\gopher.tlog\cl.command.1.tlog
c:\users\miguel\documents\github\gopher\windows\gopher\gopher\debug\gopher.tlog\cl.read.1.tlog
c:\users\miguel\documents\github\gopher\windows\gopher\gopher\debug\gopher.tlog\cl.write.1.tlog
c:\users\miguel\documents\github\gopher\windows\gopher\gopher\debug\gopher.tlog\link-cvtres.read.1.tlog
c:\users\miguel\documents\github\gopher\windows\gopher\gopher\debug\gopher.tlog\link-cvtres.write.1.tlog
c:\users\miguel\documents\github\gopher\windows\gopher\gopher\debug\gopher.tlog\link-rc.read.1.tlog
c:\users\miguel\documents\github\gopher\windows\gopher\gopher\debug\gopher.tlog\link-rc.write.1.tlog
c:\users\miguel\documents\github\gopher\windows\gopher\gopher\debug\gopher.tlog\link.command.1.tlog
c:\users\miguel\documents\github\gopher\windows\gopher\gopher\debug\gopher.tlog\link.read.1.tlog
c:\users\miguel\documents\github\gopher\windows\gopher\gopher\debug\gopher.tlog\link.write.1.tlog
c:\users\miguel\documents\github\gopher\windows\gopher\gopher\debug\gopher.tlog\metagen.write.1.tlog
